Release 12.4 Map M.81d (nt)
Xilinx Mapping Report File for Design 'MieruEMB'

Design Information
------------------
Command Line   : map -intstyle ise -p xc3s500e-vq100-4 -cm area -ir off -pr off
-c 100 -o MieruEMB_map.ncd MieruEMB.ngd MieruEMB.pcf 
Target Device  : xc3s500e
Target Package : vq100
Target Speed   : -4
Mapper Version : spartan3e -- $Revision: 1.52.76.2 $
Mapped Date    : FRI 25 OCT 10:41:40 2013

Design Summary
--------------
Number of errors:      0
Number of warnings:    3
Logic Utilization:
  Number of Slice Flip Flops:         1,499 out of   9,312   16%
  Number of 4 input LUTs:             3,908 out of   9,312   41%
Logic Distribution:
  Number of occupied Slices:          2,406 out of   4,656   51%
    Number of Slices containing only related logic:   2,406 out of   2,406 100%
    Number of Slices containing unrelated logic:          0 out of   2,406   0%
      *See NOTES below for an explanation of the effects of unrelated logic.
  Total Number of 4 input LUTs:       4,267 out of   9,312   45%
    Number used as logic:             3,908
    Number used as a route-thru:        359

  The Slice Logic Distribution report is not meaningful if the design is
  over-mapped for a non-slice resource or if Placement fails.

  Number of bonded IOBs:                 56 out of      66   84%
    IOB Flip Flops:                      45
  Number of RAMB16s:                      7 out of      20   35%
  Number of BUFGMUXs:                     2 out of      24    8%
  Number of DCMs:                         1 out of       4   25%

Average Fanout of Non-Clock Nets:                3.59

Peak Memory Usage:  198 MB
Total REAL time to MAP completion:  5 secs 
Total CPU time to MAP completion:   5 secs 

NOTES:

   Related logic is defined as being logic that shares connectivity - e.g. two
   LUTs are "related" if they share common inputs.  When assembling slices,
   Map gives priority to combine logic that is related.  Doing so results in
   the best timing performance.

   Unrelated logic shares no connectivity.  Map will only begin packing
   unrelated logic into a slice once 99% of the slices are occupied through
   related logic packing.

   Note that once logic distribution reaches the 99% level through related
   logic packing, this does not mean the device is completely utilized.
   Unrelated logic packing will then begin, continuing until all usable LUTs
   and FFs are occupied.  Depending on your timing budget, increased levels of
   unrelated logic packing may adversely affect the overall timing performance
   of your design.

Table of Contents
-----------------
Section 1 - Errors
Section 2 - Warnings
Section 3 - Informational
Section 4 - Removed Logic Summary
Section 5 - Removed Logic
Section 6 - IOB Properties
Section 7 - RPMs
Section 8 - Guide Report
Section 9 - Area Group and Partition Summary
Section 10 - Timing Report
Section 11 - Configuration String Information
Section 12 - Control Set Information
Section 13 - Utilization by Hierarchy

Section 1 - Errors
------------------

Section 2 - Warnings
--------------------
WARNING:Security:42 - Your software subscription period has lapsed. Your current
version of Xilinx tools will continue to function, but you no longer qualify for
Xilinx software updates or new releases.
WARNING:LIT:176 - Clock buffer is designated to drive clock loads. BUFGMUX
   symbol "physical_group_FCLK/clkgen/clkgen/obuf" (output signal=FCLK) has a
   mix of clock and non-clock loads. The non-clock loads are:
   Pin I0 of SRAM_WE_X1
WARNING:Pack:249 - The following adjacent carry multiplexers occupy different
   slice components.  The resulting carry chain will have suboptimal timing.
   	iocon/cnt1kHz/Mcompar_CNT_OUT_cmp_ge0000_cy<6>
   	iocon/cnt1kHz/Mcount_cntwait_cy<0>
WARNING:Pack:266 - The function generator core/EXEADDR_or00012 failed to merge
   with F5 multiplexer core/EXMASK<2>14_SW0_f5.  There is a conflict for the
   FXMUX.  The design will exhibit suboptimal timing.

Section 3 - Informational
-------------------------
INFO:Security:54 - 'xc3s500e' is a WebPack part.
INFO:MapLib:562 - No environment variables are currently set.
INFO:MapLib:159 - Net Timing constraints on signal CLK are pushed forward
   through input buffer.
INFO:LIT:244 - All of the single ended outputs in this design are using slew
   rate limited output drivers. The delay on speed critical single ended outputs
   can be dramatically reduced by designating them as fast outputs.
INFO:PhysDesignRules:772 - To achieve optimal frequency synthesis performance
   with the CLKFX and CLKFX180 outputs of the DCM comp clkgen/clkgen/dcm,
   consult the device Interactive Data Sheet.

Section 4 - Removed Logic Summary
---------------------------------
   2 block(s) optimized away

Section 5 - Removed Logic
-------------------------

Optimized Block(s):
TYPE 		BLOCK
GND 		XST_GND
VCC 		XST_VCC

To enable printing of redundant blocks removed and signals merged, set the
detailed map report option and rerun map.

Section 6 - IOB Properties
--------------------------

+---------------------------------------------------------------------------------------------------------------------------------------------------------+
| IOB Name                           | Type             | Direction | IO Standard          | Diff  | Drive    | Slew | Reg (s)      | Resistor | IOB      |
|                                    |                  |           |                      | Term  | Strength | Rate |              |          | Delay    |
+---------------------------------------------------------------------------------------------------------------------------------------------------------+
| CLK                                | IBUF             | INPUT     | LVCMOS25             |       |          |      |              |          | 0 / 0    |
| GPI                                | IBUF             | INPUT     | LVCMOS25             |       |          |      |              |          | 0 / 0    |
| GPIO<0>                            | IOB              | BIDIR     | LVCMOS25             |       | 12       | SLOW | OFF1         |          | 0 / 0    |
| GPIO<1>                            | IOB              | BIDIR     | LVCMOS25             |       | 12       | SLOW | OFF1         |          | 0 / 0    |
| LCD                                | IOB              | OUTPUT    | LVCMOS25             |       | 12       | SLOW |              |          | 0 / 0    |
| LCD_CD                             | IOB              | OUTPUT    | LVCMOS25             |       | 12       | SLOW | OFF1         |          | 0 / 0    |
| LCD_CS0                            | IOB              | OUTPUT    | LVCMOS25             |       | 12       | SLOW | OFF1         |          | 0 / 0    |
| LCD_D<0>                           | IOB              | OUTPUT    | LVCMOS25             |       | 12       | SLOW | OFF1         |          | 0 / 0    |
| LCD_D<1>                           | IOB              | OUTPUT    | LVCMOS25             |       | 12       | SLOW | OFF1         |          | 0 / 0    |
| LCD_D<2>                           | IOB              | OUTPUT    | LVCMOS25             |       | 12       | SLOW | OFF1         |          | 0 / 0    |
| LCD_D<3>                           | IOB              | OUTPUT    | LVCMOS25             |       | 12       | SLOW | OFF1         |          | 0 / 0    |
| LCD_D<4>                           | IOB              | OUTPUT    | LVCMOS25             |       | 12       | SLOW | OFF1         |          | 0 / 0    |
| LCD_D<5>                           | IOB              | OUTPUT    | LVCMOS25             |       | 12       | SLOW | OFF1         |          | 0 / 0    |
| LCD_D<6>                           | IOB              | OUTPUT    | LVCMOS25             |       | 12       | SLOW | OFF1         |          | 0 / 0    |
| LCD_D<7>                           | IOB              | OUTPUT    | LVCMOS25             |       | 12       | SLOW | OFF1         |          | 0 / 0    |
| LCD_RSTB                           | IOB              | OUTPUT    | LVCMOS25             |       | 12       | SLOW | OFF1         |          | 0 / 0    |
| LCD_WR                             | IOB              | OUTPUT    | LVCMOS25             |       | 12       | SLOW |              |          | 0 / 0    |
| MMC_CS_X                           | IOB              | OUTPUT    | LVCMOS25             |       | 12       | SLOW | OFF1         |          | 0 / 0    |
| MMC_DIN                            | IOB              | OUTPUT    | LVCMOS25             |       | 12       | SLOW | OFF1         |          | 0 / 0    |
| MMC_DOUT                           | IBUF             | INPUT     | LVCMOS25             |       |          |      | IFF1         | PULLUP   | 0 / 3    |
| MMC_SCLK                           | IOB              | OUTPUT    | LVCMOS25             |       | 12       | SLOW |              |          | 0 / 0    |
| SRAM_A<0>                          | IOB              | OUTPUT    | LVCMOS25             |       | 12       | SLOW | OFF1         |          | 0 / 0    |
| SRAM_A<1>                          | IOB              | OUTPUT    | LVCMOS25             |       | 12       | SLOW | OFF1         |          | 0 / 0    |
| SRAM_A<2>                          | IOB              | OUTPUT    | LVCMOS25             |       | 12       | SLOW | OFF1         |          | 0 / 0    |
| SRAM_A<3>                          | IOB              | OUTPUT    | LVCMOS25             |       | 12       | SLOW | OFF1         |          | 0 / 0    |
| SRAM_A<4>                          | IOB              | OUTPUT    | LVCMOS25             |       | 12       | SLOW | OFF1         |          | 0 / 0    |
| SRAM_A<5>                          | IOB              | OUTPUT    | LVCMOS25             |       | 12       | SLOW | OFF1         |          | 0 / 0    |
| SRAM_A<6>                          | IOB              | OUTPUT    | LVCMOS25             |       | 12       | SLOW | OFF1         |          | 0 / 0    |
| SRAM_A<7>                          | IOB              | OUTPUT    | LVCMOS25             |       | 12       | SLOW | OFF1         |          | 0 / 0    |
| SRAM_A<8>                          | IOB              | OUTPUT    | LVCMOS25             |       | 12       | SLOW | OFF1         |          | 0 / 0    |
| SRAM_A<9>                          | IOB              | OUTPUT    | LVCMOS25             |       | 12       | SLOW | OFF1         |          | 0 / 0    |
| SRAM_A<10>                         | IOB              | OUTPUT    | LVCMOS25             |       | 12       | SLOW | OFF1         |          | 0 / 0    |
| SRAM_A<11>                         | IOB              | OUTPUT    | LVCMOS25             |       | 12       | SLOW | OFF1         |          | 0 / 0    |
| SRAM_A<12>                         | IOB              | OUTPUT    | LVCMOS25             |       | 12       | SLOW | OFF1         |          | 0 / 0    |
| SRAM_A<13>                         | IOB              | OUTPUT    | LVCMOS25             |       | 12       | SLOW | OFF1         |          | 0 / 0    |
| SRAM_A<14>                         | IOB              | OUTPUT    | LVCMOS25             |       | 12       | SLOW | OFF1         |          | 0 / 0    |
| SRAM_A<15>                         | IOB              | OUTPUT    | LVCMOS25             |       | 12       | SLOW | OFF1         |          | 0 / 0    |
| SRAM_A<16>                         | IOB              | OUTPUT    | LVCMOS25             |       | 12       | SLOW | OFF1         |          | 0 / 0    |
| SRAM_A<17>                         | IOB              | OUTPUT    | LVCMOS25             |       | 12       | SLOW | OFF1         |          | 0 / 0    |
| SRAM_A<18>                         | IOB              | OUTPUT    | LVCMOS25             |       | 12       | SLOW | OFF1         |          | 0 / 0    |
| SRAM_D<0>                          | IOB              | BIDIR     | LVCMOS25             |       | 12       | SLOW | OFF1         | PULLDOWN | 0 / 0    |
| SRAM_D<1>                          | IOB              | BIDIR     | LVCMOS25             |       | 12       | SLOW | OFF1         | PULLDOWN | 0 / 0    |
| SRAM_D<2>                          | IOB              | BIDIR     | LVCMOS25             |       | 12       | SLOW | OFF1         | PULLDOWN | 0 / 0    |
| SRAM_D<3>                          | IOB              | BIDIR     | LVCMOS25             |       | 12       | SLOW | OFF1         | PULLDOWN | 0 / 0    |
| SRAM_D<4>                          | IOB              | BIDIR     | LVCMOS25             |       | 12       | SLOW | OFF1         | PULLDOWN | 0 / 0    |
| SRAM_D<5>                          | IOB              | BIDIR     | LVCMOS25             |       | 12       | SLOW | OFF1         | PULLDOWN | 0 / 0    |
| SRAM_D<6>                          | IOB              | BIDIR     | LVCMOS25             |       | 12       | SLOW | OFF1         | PULLDOWN | 0 / 0    |
| SRAM_D<7>                          | IOB              | BIDIR     | LVCMOS25             |       | 12       | SLOW | OFF1         | PULLDOWN | 0 / 0    |
| SRAM_OE_X                          | IOB              | OUTPUT    | LVCMOS25             |       | 12       | SLOW | OFF1         |          | 0 / 0    |
| SRAM_WE_X                          | IOB              | OUTPUT    | LVCMOS25             |       | 12       | SLOW |              |          | 0 / 0    |
| SW<0>                              | IBUF             | INPUT     | LVCMOS25             |       |          |      |              |          | 0 / 0    |
| SW<1>                              | IBUF             | INPUT     | LVCMOS25             |       |          |      |              |          | 0 / 0    |
| SW<2>                              | IBUF             | INPUT     | LVCMOS25             |       |          |      |              |          | 0 / 0    |
| ULED<0>                            | IOB              | OUTPUT    | LVCMOS25             |       | 12       | SLOW |              |          | 0 / 0    |
| ULED<1>                            | IOB              | OUTPUT    | LVCMOS25             |       | 12       | SLOW |              |          | 0 / 0    |
| ULED<2>                            | IOB              | OUTPUT    | LVCMOS25             |       | 12       | SLOW | OFF1         |          | 0 / 0    |
+---------------------------------------------------------------------------------------------------------------------------------------------------------+

Section 7 - RPMs
----------------

Section 8 - Guide Report
------------------------
Guide not run on this design.

Section 9 - Area Group and Partition Summary
--------------------------------------------

Partition Implementation Status
-------------------------------

  No Partitions were found in this design.

-------------------------------

Area Group Information
----------------------

  No area groups were found in this design.

----------------------

Section 10 - Timing Report
--------------------------
This design was not run using timing mode.

Section 11 - Configuration String Details
-----------------------------------------
Use the "-detail" map option to print out Configuration Strings

Section 12 - Control Set Information
------------------------------------
No control set information for this architecture.

Section 13 - Utilization by Hierarchy
-------------------------------------
Use the "-detail" map option to print out the Utilization by Hierarchy section.
