Release 12.4 Map M.81d (nt)
Xilinx Mapping Report File for Design 'MieruEMB'

Design Information
------------------
Command Line   : map -intstyle ise -p xc3s500e-vq100-4 -cm area -detail -ir off
-pr off -c 100 -o MieruEMB_map.ncd MieruEMB.ngd MieruEMB.pcf 
Target Device  : xc3s500e
Target Package : vq100
Target Speed   : -4
Mapper Version : spartan3e -- $Revision: 1.52.76.2 $
Mapped Date    : TUE 22 OCT 11:10:9 2013

Design Summary
--------------
Number of errors:      0
Number of warnings:    0
Logic Utilization:
  Number of Slice Flip Flops:            91 out of   9,312    1%
  Number of 4 input LUTs:               105 out of   9,312    1%
Logic Distribution:
  Number of occupied Slices:             79 out of   4,656    1%
    Number of Slices containing only related logic:      79 out of      79 100%
    Number of Slices containing unrelated logic:          0 out of      79   0%
      *See NOTES below for an explanation of the effects of unrelated logic.
  Total Number of 4 input LUTs:         154 out of   9,312    1%
    Number used as logic:               105
    Number used as a route-thru:         49

  The Slice Logic Distribution report is not meaningful if the design is
  over-mapped for a non-slice resource or if Placement fails.

  Number of bonded IOBs:                 20 out of      66   30%
  Number of RAMB16s:                      5 out of      20   25%
  Number of BUFGMUXs:                     2 out of      24    8%
  Number of DCMs:                         1 out of       4   25%

Average Fanout of Non-Clock Nets:                2.92

Peak Memory Usage:  181 MB
Total REAL time to MAP completion:  1 secs 
Total CPU time to MAP completion:   1 secs 

NOTES:

   Related logic is defined as being logic that shares connectivity - e.g. two
   LUTs are "related" if they share common inputs.  When assembling slices,
   Map gives priority to combine logic that is related.  Doing so results in
   the best timing performance.

   Unrelated logic shares no connectivity.  Map will only begin packing
   unrelated logic into a slice once 99% of the slices are occupied through
   related logic packing.

   Note that once logic distribution reaches the 99% level through related
   logic packing, this does not mean the device is completely utilized.
   Unrelated logic packing will then begin, continuing until all usable LUTs
   and FFs are occupied.  Depending on your timing budget, increased levels of
   unrelated logic packing may adversely affect the overall timing performance
   of your design.

Table of Contents
-----------------
Section 1 - Errors
Section 2 - Warnings
Section 3 - Informational
Section 4 - Removed Logic Summary
Section 5 - Removed Logic
Section 6 - IOB Properties
Section 7 - RPMs
Section 8 - Guide Report
Section 9 - Area Group and Partition Summary
Section 10 - Timing Report
Section 11 - Configuration String Information
Section 12 - Control Set Information
Section 13 - Utilization by Hierarchy

Section 1 - Errors
------------------

Section 2 - Warnings
--------------------
WARNING:Security:42 - Your software subscription period has lapsed. Your current
version of Xilinx tools will continue to function, but you no longer qualify for
Xilinx software updates or new releases.

Section 3 - Informational
-------------------------
INFO:Security:54 - 'xc3s500e' is a WebPack part.
INFO:MapLib:562 - No environment variables are currently set.
INFO:MapLib:159 - Net Timing constraints on signal CLK are pushed forward
   through input buffer.
INFO:LIT:244 - All of the single ended outputs in this design are using slew
   rate limited output drivers. The delay on speed critical single ended outputs
   can be dramatically reduced by designating them as fast outputs.
INFO:PhysDesignRules:772 - To achieve optimal frequency synthesis performance
   with the CLKFX and CLKFX180 outputs of the DCM comp clkgen/dcm, consult the
   device Interactive Data Sheet.

Section 4 - Removed Logic Summary
---------------------------------
   2 block(s) optimized away
  61 Block(s) redundant

Section 5 - Removed Logic
-------------------------

Optimized Block(s):
TYPE 		BLOCK
GND 		XST_GND
VCC 		XST_VCC

Redundant Block(s):
TYPE 		BLOCK
LOCALBUF 		lcdcon/LCD_CS0_and00001/LUT3_D_BUF
LOCALBUF 		lcdcon/cmdcnt_cmp_eq000011/LUT4_D_BUF
LOCALBUF 		lcdcon/cmdcnt_cmp_eq00008/LUT3_D_BUF
LOCALBUF 		lcdcon/cmdcnt_cmp_eq000039/LUT4_D_BUF
LOCALBUF 		lcdcon/cmdcnt_mux0000<0>115/LUT4_L_BUF
LOCALBUF 		lcdcon/cmdcnt_mux0000<0>198/LUT4_D_BUF
LOCALBUF 		lcdcon/LCD_D_mux0000<4>21/LUT4_D_BUF
LOCALBUF 		lcdcon/LCD_D_mux0000<0>21/LUT4_D_BUF
LOCALBUF 		lcdcon/LCD_D_mux0000<7>_SW0/LUT4_L_BUF
LUT1 		rstgen/Mcount_cnt_cy<1>_rt
LUT1 		rstgen/Mcount_cnt_cy<2>_rt
LUT1 		rstgen/Mcount_cnt_cy<3>_rt
LUT1 		rstgen/Mcount_cnt_cy<4>_rt
LUT1 		rstgen/Mcount_cnt_cy<5>_rt
LUT1 		rstgen/Mcount_cnt_cy<6>_rt
LUT1 		Mcount_cnt_cy<1>_rt
LUT1 		Mcount_cnt_cy<2>_rt
LUT1 		Mcount_cnt_cy<3>_rt
LUT1 		Mcount_cnt_cy<4>_rt
LUT1 		Mcount_cnt_cy<5>_rt
LUT1 		Mcount_cnt_cy<6>_rt
LUT1 		Mcount_cnt_cy<7>_rt
LUT1 		Mcount_cnt_cy<8>_rt
LUT1 		Mcount_cnt_cy<9>_rt
LUT1 		Mcount_cnt_cy<10>_rt
LUT1 		Mcount_cnt_cy<11>_rt
LUT1 		Mcount_cnt_cy<12>_rt
LUT1 		Mcount_cnt_cy<13>_rt
LUT1 		Mcount_adr_cy<1>_rt
LUT1 		Mcount_adr_cy<2>_rt
LUT1 		Mcount_adr_cy<3>_rt
LUT1 		Mcount_adr_cy<4>_rt
LUT1 		Mcount_adr_cy<5>_rt
LUT1 		Mcount_adr_cy<6>_rt
LUT1 		Mcount_adr_cy<7>_rt
LUT1 		Mcount_adr_cy<8>_rt
LUT1 		Mcount_adr_cy<9>_rt
LUT1 		Mcount_adr_cy<10>_rt
LUT1 		Mcount_adr_cy<11>_rt
LUT1 		Mcount_adr_cy<12>_rt
LUT1 		lcdcon/Madd_cmdcnt_share0000_cy<13>_rt
LUT1 		lcdcon/Madd_cmdcnt_share0000_cy<12>_rt
LUT1 		lcdcon/Madd_cmdcnt_share0000_cy<11>_rt
LUT1 		lcdcon/Madd_cmdcnt_share0000_cy<10>_rt
LUT1 		lcdcon/Madd_cmdcnt_share0000_cy<9>_rt
LUT1 		lcdcon/Madd_cmdcnt_share0000_cy<8>_rt
LUT1 		lcdcon/Madd_cmdcnt_share0000_cy<7>_rt
LUT1 		lcdcon/Madd_cmdcnt_share0000_cy<6>_rt
LUT1 		lcdcon/Madd_cmdcnt_share0000_cy<5>_rt
LUT1 		lcdcon/Madd_cmdcnt_share0000_cy<4>_rt
LUT1 		lcdcon/Madd_cmdcnt_share0000_cy<3>_rt
LUT1 		lcdcon/Madd_cmdcnt_share0000_cy<2>_rt
LUT1 		lcdcon/Madd_cmdcnt_share0000_cy<1>_rt
LUT1 		lcdcon/Msub_waitcnt_addsub0000_cy<0>_rt
LUT1 		rstgen/Mcount_cnt_xor<7>_rt
INV 		lcdcon/RST_X_inv1_INV_0
LUT1 		Mcount_cnt_xor<14>_rt
LUT1 		Mcount_adr_xor<13>_rt
LUT1 		lcdcon/Madd_cmdcnt_share0000_xor<14>_rt
INV 		lcdcon/writecnt_mux0000<0>1_INV_0
INV 		lcdcon/LCD_WR1_INV_0

Section 6 - IOB Properties
--------------------------

+---------------------------------------------------------------------------------------------------------------------------------------------------------+
| IOB Name                           | Type             | Direction | IO Standard          | Diff  | Drive    | Slew | Reg (s)      | Resistor | IOB      |
|                                    |                  |           |                      | Term  | Strength | Rate |              |          | Delay    |
+---------------------------------------------------------------------------------------------------------------------------------------------------------+
| CLK                                | IBUF             | INPUT     | LVCMOS25             |       |          |      |              |          | 0 / 0    |
| LCD_CD                             | IOB              | OUTPUT    | LVCMOS25             |       | 12       | SLOW |              |          | 0 / 0    |
| LCD_CS0                            | IOB              | OUTPUT    | LVCMOS25             |       | 12       | SLOW |              |          | 0 / 0    |
| LCD_D<0>                           | IOB              | OUTPUT    | LVCMOS25             |       | 12       | SLOW |              |          | 0 / 0    |
| LCD_D<1>                           | IOB              | OUTPUT    | LVCMOS25             |       | 12       | SLOW |              |          | 0 / 0    |
| LCD_D<2>                           | IOB              | OUTPUT    | LVCMOS25             |       | 12       | SLOW |              |          | 0 / 0    |
| LCD_D<3>                           | IOB              | OUTPUT    | LVCMOS25             |       | 12       | SLOW |              |          | 0 / 0    |
| LCD_D<4>                           | IOB              | OUTPUT    | LVCMOS25             |       | 12       | SLOW |              |          | 0 / 0    |
| LCD_D<5>                           | IOB              | OUTPUT    | LVCMOS25             |       | 12       | SLOW |              |          | 0 / 0    |
| LCD_D<6>                           | IOB              | OUTPUT    | LVCMOS25             |       | 12       | SLOW |              |          | 0 / 0    |
| LCD_D<7>                           | IOB              | OUTPUT    | LVCMOS25             |       | 12       | SLOW |              |          | 0 / 0    |
| LCD_RSTB                           | IOB              | OUTPUT    | LVCMOS25             |       | 12       | SLOW |              |          | 0 / 0    |
| LCD_WR                             | IOB              | OUTPUT    | LVCMOS25             |       | 12       | SLOW |              |          | 0 / 0    |
| SW<0>                              | IBUF             | INPUT     | LVCMOS25             |       |          |      |              |          | 0 / 0    |
| SW<1>                              | IBUF             | INPUT     | LVCMOS25             |       |          |      |              |          | 0 / 0    |
| SW<2>                              | IBUF             | INPUT     | LVCMOS25             |       |          |      |              |          | 0 / 0    |
| ULED<0>                            | IOB              | OUTPUT    | LVCMOS25             |       | 12       | SLOW |              |          | 0 / 0    |
| ULED<1>                            | IOB              | OUTPUT    | LVCMOS25             |       | 12       | SLOW |              |          | 0 / 0    |
| ULED<2>                            | IOB              | OUTPUT    | LVCMOS25             |       | 12       | SLOW |              |          | 0 / 0    |
| ULED<3>                            | IOB              | OUTPUT    | LVCMOS25             |       | 12       | SLOW |              |          | 0 / 0    |
+---------------------------------------------------------------------------------------------------------------------------------------------------------+

Section 7 - RPMs
----------------

Section 8 - Guide Report
------------------------
Guide not run on this design.

Section 9 - Area Group and Partition Summary
--------------------------------------------

Partition Implementation Status
-------------------------------

  No Partitions were found in this design.

-------------------------------

Area Group Information
----------------------

  No area groups were found in this design.

----------------------

Section 10 - Timing Report
--------------------------
This design was not run using timing mode.

Section 11 - Configuration String Details
-----------------------------------------
DCM "clkgen/dcm":
CLKDV_DIVIDE:2
CLKOUT_PHASE_SHIFT:NONE
CLK_FEEDBACK:1X
DESKEW_ADJUST:6
DFS_FREQUENCY_MODE:LOW
DLL_FREQUENCY_MODE:LOW
DUTY_CYCLE_CORRECTION:TRUE
FACTORY_JF1:0XC0
FACTORY_JF2:0X80
CLKFX_DIVIDE = 20
CLKFX_MULTIPLY = 15
PHASE_SHIFT = 0
X_CLKIN_PERIOD = 10.000000


BUFGMUX "clkgen/fbuf":
DISABLE_ATTR:LOW



BUFGMUX "clkgen/obuf":
DISABLE_ATTR:LOW



RAMB16 "lcdcon/mlcdmem/Mrom_DATA_mux0000":
INITP_00 = 0000000000000000000000000000000000000000000000000000000000000000
INITP_01 = 0000000000000000000000000000000000000000000000000000000000000000
INITP_02 = 0000000000000000000000000000000000000000000000000000000000000000
INITP_03 = 0000000000000000000000000000000000000000000000000000000000000000
INITP_04 = 0000000000000000000000000000000000000000000000000000000000000000
INITP_05 = 0000000000000000000000000000000000000000000000000000000000000000
INITP_06 = 0000000000000000000000000000000000000000000000000000000000000000
INITP_07 = 0000000000000000000000000000000000000000000000000000000000000000
INIT_00 = 00B6010300B401180125010400B1011A0103014000FFA0112801620016001200
INIT_01 = 010100E10105003A01C80036014F013C00C50117011100FC010700C101020105
INIT_02 = 002A013F010001030105012F0127011D011F0121011C011A011701110105011C
INIT_03 = 00000000000000000000002C50290182010001030100002B0181010001020100
INIT_04 = 0000000000000000000000000000000000000000000000000000000000000000
INIT_05 = 0000000000000000000000000000000000000000000000000000000000000000
INIT_06 = 0000000000000000000000000000000000000000000000000000000000000000
INIT_07 = 0000000000000000000000000000000000000000000000000000000000000000
INIT_08 = 0000000000000000000000000000000000000000000000000000000000000000
INIT_09 = 0000000000000000000000000000000000000000000000000000000000000000
INIT_0a = 0000000000000000000000000000000000000000000000000000000000000000
INIT_0b = 0000000000000000000000000000000000000000000000000000000000000000
INIT_0c = 0000000000000000000000000000000000000000000000000000000000000000
INIT_0d = 0000000000000000000000000000000000000000000000000000000000000000
INIT_0e = 0000000000000000000000000000000000000000000000000000000000000000
INIT_0f = 0000000000000000000000000000000000000000000000000000000000000000
INIT_10 = 0000000000000000000000000000000000000000000000000000000000000000
INIT_11 = 0000000000000000000000000000000000000000000000000000000000000000
INIT_12 = 0000000000000000000000000000000000000000000000000000000000000000
INIT_13 = 0000000000000000000000000000000000000000000000000000000000000000
INIT_14 = 0000000000000000000000000000000000000000000000000000000000000000
INIT_15 = 0000000000000000000000000000000000000000000000000000000000000000
INIT_16 = 0000000000000000000000000000000000000000000000000000000000000000
INIT_17 = 0000000000000000000000000000000000000000000000000000000000000000
INIT_18 = 0000000000000000000000000000000000000000000000000000000000000000
INIT_19 = 0000000000000000000000000000000000000000000000000000000000000000
INIT_1a = 0000000000000000000000000000000000000000000000000000000000000000
INIT_1b = 0000000000000000000000000000000000000000000000000000000000000000
INIT_1c = 0000000000000000000000000000000000000000000000000000000000000000
INIT_1d = 0000000000000000000000000000000000000000000000000000000000000000
INIT_1e = 0000000000000000000000000000000000000000000000000000000000000000
INIT_1f = 0000000000000000000000000000000000000000000000000000000000000000
INIT_20 = 0000000000000000000000000000000000000000000000000000000000000000
INIT_21 = 0000000000000000000000000000000000000000000000000000000000000000
INIT_22 = 0000000000000000000000000000000000000000000000000000000000000000
INIT_23 = 0000000000000000000000000000000000000000000000000000000000000000
INIT_24 = 0000000000000000000000000000000000000000000000000000000000000000
INIT_25 = 0000000000000000000000000000000000000000000000000000000000000000
INIT_26 = 0000000000000000000000000000000000000000000000000000000000000000
INIT_27 = 0000000000000000000000000000000000000000000000000000000000000000
INIT_28 = 0000000000000000000000000000000000000000000000000000000000000000
INIT_29 = 0000000000000000000000000000000000000000000000000000000000000000
INIT_2a = 0000000000000000000000000000000000000000000000000000000000000000
INIT_2b = 0000000000000000000000000000000000000000000000000000000000000000
INIT_2c = 0000000000000000000000000000000000000000000000000000000000000000
INIT_2d = 0000000000000000000000000000000000000000000000000000000000000000
INIT_2e = 0000000000000000000000000000000000000000000000000000000000000000
INIT_2f = 0000000000000000000000000000000000000000000000000000000000000000
INIT_30 = 0000000000000000000000000000000000000000000000000000000000000000
INIT_31 = 0000000000000000000000000000000000000000000000000000000000000000
INIT_32 = 0000000000000000000000000000000000000000000000000000000000000000
INIT_33 = 0000000000000000000000000000000000000000000000000000000000000000
INIT_34 = 0000000000000000000000000000000000000000000000000000000000000000
INIT_35 = 0000000000000000000000000000000000000000000000000000000000000000
INIT_36 = 0000000000000000000000000000000000000000000000000000000000000000
INIT_37 = 0000000000000000000000000000000000000000000000000000000000000000
INIT_38 = 0000000000000000000000000000000000000000000000000000000000000000
INIT_39 = 0000000000000000000000000000000000000000000000000000000000000000
INIT_3a = 0000000000000000000000000000000000000000000000000000000000000000
INIT_3b = 0000000000000000000000000000000000000000000000000000000000000000
INIT_3c = 0000000000000000000000000000000000000000000000000000000000000000
INIT_3d = 0000000000000000000000000000000000000000000000000000000000000000
INIT_3e = 0000000000000000000000000000000000000000000000000000000000000000
INIT_3f = 0000000000000000000000000000000000000000000000000000000000000000
PORTA_ATTR:1024X18
WRITEMODEA:WRITE_FIRST
INIT_A = 00000
SRVAL_A = 00000


RAMB16 "lcdcon/vram/Mram_mem1":
INIT_00 = 0000000000000000000000000000000000000000000000000000000000000000
INIT_01 = 0000000000000000000000000000000000000000000000000000000000000000
INIT_02 = 0000000000000000000000000000000000000000000000000000000000000000
INIT_03 = 0000000000000000000000000000000000000000000000000000000000000000
INIT_04 = 0000000000000000000000000000000000000000000000000000000000000000
INIT_05 = 0000000000000000000000000000000000000000000000000000000000000000
INIT_06 = 0000000000000000000000000000000000000000000000000000000000000000
INIT_07 = 0000000000000000000000000000000000000000000000000000000000000000
INIT_08 = 0000000000000000000000000000000000000000000000000000000000000000
INIT_09 = 0000000000000000000000000000000000000000000000000000000000000000
INIT_0a = 0000000000000000000000000000000000000000000000000000000000000000
INIT_0b = 0000000000000000000000000000000000000000000000000000000000000000
INIT_0c = 0000000000000000000000000000000000000000000000000000000000000000
INIT_0d = 0000000000000000000000000000000000000000000000000000000000000000
INIT_0e = 0000000000000000000000000000000000000000000000000000000000000000
INIT_0f = 0000000000000000000000000000000000000000000000000000000000000000
INIT_10 = 0000000000000000000000000000000000000000000000000000000000000000
INIT_11 = 0000000000000000000000000000000000000000000000000000000000000000
INIT_12 = 0000000000000000000000000000000000000000000000000000000000000000
INIT_13 = 0000000000000000000000000000000000000000000000000000000000000000
INIT_14 = 0000000000000000000000000000000000000000000000000000000000000000
INIT_15 = 0000000000000000000000000000000000000000000000000000000000000000
INIT_16 = 0000000000000000000000000000000000000000000000000000000000000000
INIT_17 = 0000000000000000000000000000000000000000000000000000000000000000
INIT_18 = 0000000000000000000000000000000000000000000000000000000000000000
INIT_19 = 0000000000000000000000000000000000000000000000000000000000000000
INIT_1a = 0000000000000000000000000000000000000000000000000000000000000000
INIT_1b = 0000000000000000000000000000000000000000000000000000000000000000
INIT_1c = 0000000000000000000000000000000000000000000000000000000000000000
INIT_1d = 0000000000000000000000000000000000000000000000000000000000000000
INIT_1e = 0000000000000000000000000000000000000000000000000000000000000000
INIT_1f = 0000000000000000000000000000000000000000000000000000000000000000
INIT_20 = 0000000000000000000000000000000000000000000000000000000000000000
INIT_21 = 0000000000000000000000000000000000000000000000000000000000000000
INIT_22 = 0000000000000000000000000000000000000000000000000000000000000000
INIT_23 = 0000000000000000000000000000000000000000000000000000000000000000
INIT_24 = 0000000000000000000000000000000000000000000000000000000000000000
INIT_25 = 0000000000000000000000000000000000000000000000000000000000000000
INIT_26 = 0000000000000000000000000000000000000000000000000000000000000000
INIT_27 = 0000000000000000000000000000000000000000000000000000000000000000
INIT_28 = 0000000000000000000000000000000000000000000000000000000000000000
INIT_29 = 0000000000000000000000000000000000000000000000000000000000000000
INIT_2a = 0000000000000000000000000000000000000000000000000000000000000000
INIT_2b = 0000000000000000000000000000000000000000000000000000000000000000
INIT_2c = 0000000000000000000000000000000000000000000000000000000000000000
INIT_2d = 0000000000000000000000000000000000000000000000000000000000000000
INIT_2e = 0000000000000000000000000000000000000000000000000000000000000000
INIT_2f = 0000000000000000000000000000000000000000000000000000000000000000
INIT_30 = 0000000000000000000000000000000000000000000000000000000000000000
INIT_31 = 0000000000000000000000000000000000000000000000000000000000000000
INIT_32 = 0000000000000000000000000000000000000000000000000000000000000000
INIT_33 = 0000000000000000000000000000000000000000000000000000000000000000
INIT_34 = 0000000000000000000000000000000000000000000000000000000000000000
INIT_35 = 0000000000000000000000000000000000000000000000000000000000000000
INIT_36 = 0000000000000000000000000000000000000000000000000000000000000000
INIT_37 = 0000000000000000000000000000000000000000000000000000000000000000
INIT_38 = 0000000000000000000000000000000000000000000000000000000000000000
INIT_39 = 0000000000000000000000000000000000000000000000000000000000000000
INIT_3a = 0000000000000000000000000000000000000000000000000000000000000000
INIT_3b = 0000000000000000000000000000000000000000000000000000000000000000
INIT_3c = 0000000000000000000000000000000000000000000000000000000000000000
INIT_3d = 0000000000000000000000000000000000000000000000000000000000000000
INIT_3e = 0000000000000000000000000000000000000000000000000000000000000000
INIT_3f = 0000000000000000000000000000000000000000000000000000000000000000
PORTA_ATTR:16384X1
WRITEMODEA:READ_FIRST
INIT_A = 0
SRVAL_A = 0
PORTB_ATTR:16384X1
WRITEMODEB:WRITE_FIRST
INIT_B = 0
SRVAL_B = 0


RAMB16 "lcdcon/vram/Mram_mem2":
INIT_00 = 0000000000000000000000000000000000000000000000000000000000000000
INIT_01 = 0000000000000000000000000000000000000000000000000000000000000000
INIT_02 = 0000000000000000000000000000000000000000000000000000000000000000
INIT_03 = 0000000000000000000000000000000000000000000000000000000000000000
INIT_04 = 0000000000000000000000000000000000000000000000000000000000000000
INIT_05 = 0000000000000000000000000000000000000000000000000000000000000000
INIT_06 = 0000000000000000000000000000000000000000000000000000000000000000
INIT_07 = 0000000000000000000000000000000000000000000000000000000000000000
INIT_08 = 0000000000000000000000000000000000000000000000000000000000000000
INIT_09 = 0000000000000000000000000000000000000000000000000000000000000000
INIT_0a = 0000000000000000000000000000000000000000000000000000000000000000
INIT_0b = 0000000000000000000000000000000000000000000000000000000000000000
INIT_0c = 0000000000000000000000000000000000000000000000000000000000000000
INIT_0d = 0000000000000000000000000000000000000000000000000000000000000000
INIT_0e = 0000000000000000000000000000000000000000000000000000000000000000
INIT_0f = 0000000000000000000000000000000000000000000000000000000000000000
INIT_10 = 0000000000000000000000000000000000000000000000000000000000000000
INIT_11 = 0000000000000000000000000000000000000000000000000000000000000000
INIT_12 = 0000000000000000000000000000000000000000000000000000000000000000
INIT_13 = 0000000000000000000000000000000000000000000000000000000000000000
INIT_14 = 0000000000000000000000000000000000000000000000000000000000000000
INIT_15 = 0000000000000000000000000000000000000000000000000000000000000000
INIT_16 = 0000000000000000000000000000000000000000000000000000000000000000
INIT_17 = 0000000000000000000000000000000000000000000000000000000000000000
INIT_18 = 0000000000000000000000000000000000000000000000000000000000000000
INIT_19 = 0000000000000000000000000000000000000000000000000000000000000000
INIT_1a = 0000000000000000000000000000000000000000000000000000000000000000
INIT_1b = 0000000000000000000000000000000000000000000000000000000000000000
INIT_1c = 0000000000000000000000000000000000000000000000000000000000000000
INIT_1d = 0000000000000000000000000000000000000000000000000000000000000000
INIT_1e = 0000000000000000000000000000000000000000000000000000000000000000
INIT_1f = 0000000000000000000000000000000000000000000000000000000000000000
INIT_20 = 0000000000000000000000000000000000000000000000000000000000000000
INIT_21 = 0000000000000000000000000000000000000000000000000000000000000000
INIT_22 = 0000000000000000000000000000000000000000000000000000000000000000
INIT_23 = 0000000000000000000000000000000000000000000000000000000000000000
INIT_24 = 0000000000000000000000000000000000000000000000000000000000000000
INIT_25 = 0000000000000000000000000000000000000000000000000000000000000000
INIT_26 = 0000000000000000000000000000000000000000000000000000000000000000
INIT_27 = 0000000000000000000000000000000000000000000000000000000000000000
INIT_28 = 0000000000000000000000000000000000000000000000000000000000000000
INIT_29 = 0000000000000000000000000000000000000000000000000000000000000000
INIT_2a = 0000000000000000000000000000000000000000000000000000000000000000
INIT_2b = 0000000000000000000000000000000000000000000000000000000000000000
INIT_2c = 0000000000000000000000000000000000000000000000000000000000000000
INIT_2d = 0000000000000000000000000000000000000000000000000000000000000000
INIT_2e = 0000000000000000000000000000000000000000000000000000000000000000
INIT_2f = 0000000000000000000000000000000000000000000000000000000000000000
INIT_30 = 0000000000000000000000000000000000000000000000000000000000000000
INIT_31 = 0000000000000000000000000000000000000000000000000000000000000000
INIT_32 = 0000000000000000000000000000000000000000000000000000000000000000
INIT_33 = 0000000000000000000000000000000000000000000000000000000000000000
INIT_34 = 0000000000000000000000000000000000000000000000000000000000000000
INIT_35 = 0000000000000000000000000000000000000000000000000000000000000000
INIT_36 = 0000000000000000000000000000000000000000000000000000000000000000
INIT_37 = 0000000000000000000000000000000000000000000000000000000000000000
INIT_38 = 0000000000000000000000000000000000000000000000000000000000000000
INIT_39 = 0000000000000000000000000000000000000000000000000000000000000000
INIT_3a = 0000000000000000000000000000000000000000000000000000000000000000
INIT_3b = 0000000000000000000000000000000000000000000000000000000000000000
INIT_3c = 0000000000000000000000000000000000000000000000000000000000000000
INIT_3d = 0000000000000000000000000000000000000000000000000000000000000000
INIT_3e = 0000000000000000000000000000000000000000000000000000000000000000
INIT_3f = 0000000000000000000000000000000000000000000000000000000000000000
PORTA_ATTR:16384X1
WRITEMODEA:READ_FIRST
INIT_A = 0
SRVAL_A = 0
PORTB_ATTR:16384X1
WRITEMODEB:WRITE_FIRST
INIT_B = 0
SRVAL_B = 0


RAMB16 "lcdcon/vram/Mram_mem3":
INIT_00 = 0000000000000000000000000000000000000000000000000000000000000000
INIT_01 = 0000000000000000000000000000000000000000000000000000000000000000
INIT_02 = 0000000000000000000000000000000000000000000000000000000000000000
INIT_03 = 0000000000000000000000000000000000000000000000000000000000000000
INIT_04 = 0000000000000000000000000000000000000000000000000000000000000000
INIT_05 = 0000000000000000000000000000000000000000000000000000000000000000
INIT_06 = 0000000000000000000000000000000000000000000000000000000000000000
INIT_07 = 0000000000000000000000000000000000000000000000000000000000000000
INIT_08 = 0000000000000000000000000000000000000000000000000000000000000000
INIT_09 = 0000000000000000000000000000000000000000000000000000000000000000
INIT_0a = 0000000000000000000000000000000000000000000000000000000000000000
INIT_0b = 0000000000000000000000000000000000000000000000000000000000000000
INIT_0c = 0000000000000000000000000000000000000000000000000000000000000000
INIT_0d = 0000000000000000000000000000000000000000000000000000000000000000
INIT_0e = 0000000000000000000000000000000000000000000000000000000000000000
INIT_0f = 0000000000000000000000000000000000000000000000000000000000000000
INIT_10 = 0000000000000000000000000000000000000000000000000000000000000000
INIT_11 = 0000000000000000000000000000000000000000000000000000000000000000
INIT_12 = 0000000000000000000000000000000000000000000000000000000000000000
INIT_13 = 0000000000000000000000000000000000000000000000000000000000000000
INIT_14 = 0000000000000000000000000000000000000000000000000000000000000000
INIT_15 = 0000000000000000000000000000000000000000000000000000000000000000
INIT_16 = 0000000000000000000000000000000000000000000000000000000000000000
INIT_17 = 0000000000000000000000000000000000000000000000000000000000000000
INIT_18 = 0000000000000000000000000000000000000000000000000000000000000000
INIT_19 = 0000000000000000000000000000000000000000000000000000000000000000
INIT_1a = 0000000000000000000000000000000000000000000000000000000000000000
INIT_1b = 0000000000000000000000000000000000000000000000000000000000000000
INIT_1c = 0000000000000000000000000000000000000000000000000000000000000000
INIT_1d = 0000000000000000000000000000000000000000000000000000000000000000
INIT_1e = 0000000000000000000000000000000000000000000000000000000000000000
INIT_1f = 0000000000000000000000000000000000000000000000000000000000000000
INIT_20 = 0000000000000000000000000000000000000000000000000000000000000000
INIT_21 = 0000000000000000000000000000000000000000000000000000000000000000
INIT_22 = 0000000000000000000000000000000000000000000000000000000000000000
INIT_23 = 0000000000000000000000000000000000000000000000000000000000000000
INIT_24 = 0000000000000000000000000000000000000000000000000000000000000000
INIT_25 = 0000000000000000000000000000000000000000000000000000000000000000
INIT_26 = 0000000000000000000000000000000000000000000000000000000000000000
INIT_27 = 0000000000000000000000000000000000000000000000000000000000000000
INIT_28 = 0000000000000000000000000000000000000000000000000000000000000000
INIT_29 = 0000000000000000000000000000000000000000000000000000000000000000
INIT_2a = 0000000000000000000000000000000000000000000000000000000000000000
INIT_2b = 0000000000000000000000000000000000000000000000000000000000000000
INIT_2c = 0000000000000000000000000000000000000000000000000000000000000000
INIT_2d = 0000000000000000000000000000000000000000000000000000000000000000
INIT_2e = 0000000000000000000000000000000000000000000000000000000000000000
INIT_2f = 0000000000000000000000000000000000000000000000000000000000000000
INIT_30 = 0000000000000000000000000000000000000000000000000000000000000000
INIT_31 = 0000000000000000000000000000000000000000000000000000000000000000
INIT_32 = 0000000000000000000000000000000000000000000000000000000000000000
INIT_33 = 0000000000000000000000000000000000000000000000000000000000000000
INIT_34 = 0000000000000000000000000000000000000000000000000000000000000000
INIT_35 = 0000000000000000000000000000000000000000000000000000000000000000
INIT_36 = 0000000000000000000000000000000000000000000000000000000000000000
INIT_37 = 0000000000000000000000000000000000000000000000000000000000000000
INIT_38 = 0000000000000000000000000000000000000000000000000000000000000000
INIT_39 = 0000000000000000000000000000000000000000000000000000000000000000
INIT_3a = 0000000000000000000000000000000000000000000000000000000000000000
INIT_3b = 0000000000000000000000000000000000000000000000000000000000000000
INIT_3c = 0000000000000000000000000000000000000000000000000000000000000000
INIT_3d = 0000000000000000000000000000000000000000000000000000000000000000
INIT_3e = 0000000000000000000000000000000000000000000000000000000000000000
INIT_3f = 0000000000000000000000000000000000000000000000000000000000000000
PORTA_ATTR:16384X1
WRITEMODEA:READ_FIRST
INIT_A = 0
SRVAL_A = 0
PORTB_ATTR:16384X1
WRITEMODEB:WRITE_FIRST
INIT_B = 0
SRVAL_B = 0


RAMB16 "lcdcon/vram/Mram_mem4":
INIT_00 = 0000000000000000000000000000000000000000000000000000000000000000
INIT_01 = 0000000000000000000000000000000000000000000000000000000000000000
INIT_02 = 0000000000000000000000000000000000000000000000000000000000000000
INIT_03 = 0000000000000000000000000000000000000000000000000000000000000000
INIT_04 = 0000000000000000000000000000000000000000000000000000000000000000
INIT_05 = 0000000000000000000000000000000000000000000000000000000000000000
INIT_06 = 0000000000000000000000000000000000000000000000000000000000000000
INIT_07 = 0000000000000000000000000000000000000000000000000000000000000000
INIT_08 = 0000000000000000000000000000000000000000000000000000000000000000
INIT_09 = 0000000000000000000000000000000000000000000000000000000000000000
INIT_0a = 0000000000000000000000000000000000000000000000000000000000000000
INIT_0b = 0000000000000000000000000000000000000000000000000000000000000000
INIT_0c = 0000000000000000000000000000000000000000000000000000000000000000
INIT_0d = 0000000000000000000000000000000000000000000000000000000000000000
INIT_0e = 0000000000000000000000000000000000000000000000000000000000000000
INIT_0f = 0000000000000000000000000000000000000000000000000000000000000000
INIT_10 = 0000000000000000000000000000000000000000000000000000000000000000
INIT_11 = 0000000000000000000000000000000000000000000000000000000000000000
INIT_12 = 0000000000000000000000000000000000000000000000000000000000000000
INIT_13 = 0000000000000000000000000000000000000000000000000000000000000000
INIT_14 = 0000000000000000000000000000000000000000000000000000000000000000
INIT_15 = 0000000000000000000000000000000000000000000000000000000000000000
INIT_16 = 0000000000000000000000000000000000000000000000000000000000000000
INIT_17 = 0000000000000000000000000000000000000000000000000000000000000000
INIT_18 = 0000000000000000000000000000000000000000000000000000000000000000
INIT_19 = 0000000000000000000000000000000000000000000000000000000000000000
INIT_1a = 0000000000000000000000000000000000000000000000000000000000000000
INIT_1b = 0000000000000000000000000000000000000000000000000000000000000000
INIT_1c = 0000000000000000000000000000000000000000000000000000000000000000
INIT_1d = 0000000000000000000000000000000000000000000000000000000000000000
INIT_1e = 0000000000000000000000000000000000000000000000000000000000000000
INIT_1f = 0000000000000000000000000000000000000000000000000000000000000000
INIT_20 = 0000000000000000000000000000000000000000000000000000000000000000
INIT_21 = 0000000000000000000000000000000000000000000000000000000000000000
INIT_22 = 0000000000000000000000000000000000000000000000000000000000000000
INIT_23 = 0000000000000000000000000000000000000000000000000000000000000000
INIT_24 = 0000000000000000000000000000000000000000000000000000000000000000
INIT_25 = 0000000000000000000000000000000000000000000000000000000000000000
INIT_26 = 0000000000000000000000000000000000000000000000000000000000000000
INIT_27 = 0000000000000000000000000000000000000000000000000000000000000000
INIT_28 = 0000000000000000000000000000000000000000000000000000000000000000
INIT_29 = 0000000000000000000000000000000000000000000000000000000000000000
INIT_2a = 0000000000000000000000000000000000000000000000000000000000000000
INIT_2b = 0000000000000000000000000000000000000000000000000000000000000000
INIT_2c = 0000000000000000000000000000000000000000000000000000000000000000
INIT_2d = 0000000000000000000000000000000000000000000000000000000000000000
INIT_2e = 0000000000000000000000000000000000000000000000000000000000000000
INIT_2f = 0000000000000000000000000000000000000000000000000000000000000000
INIT_30 = 0000000000000000000000000000000000000000000000000000000000000000
INIT_31 = 0000000000000000000000000000000000000000000000000000000000000000
INIT_32 = 0000000000000000000000000000000000000000000000000000000000000000
INIT_33 = 0000000000000000000000000000000000000000000000000000000000000000
INIT_34 = 0000000000000000000000000000000000000000000000000000000000000000
INIT_35 = 0000000000000000000000000000000000000000000000000000000000000000
INIT_36 = 0000000000000000000000000000000000000000000000000000000000000000
INIT_37 = 0000000000000000000000000000000000000000000000000000000000000000
INIT_38 = 0000000000000000000000000000000000000000000000000000000000000000
INIT_39 = 0000000000000000000000000000000000000000000000000000000000000000
INIT_3a = 0000000000000000000000000000000000000000000000000000000000000000
INIT_3b = 0000000000000000000000000000000000000000000000000000000000000000
INIT_3c = 0000000000000000000000000000000000000000000000000000000000000000
INIT_3d = 0000000000000000000000000000000000000000000000000000000000000000
INIT_3e = 0000000000000000000000000000000000000000000000000000000000000000
INIT_3f = 0000000000000000000000000000000000000000000000000000000000000000
PORTA_ATTR:16384X1
WRITEMODEA:READ_FIRST
INIT_A = 0
SRVAL_A = 0
PORTB_ATTR:16384X1
WRITEMODEB:WRITE_FIRST
INIT_B = 0
SRVAL_B = 0



Section 12 - Control Set Information
------------------------------------
No control set information for this architecture.

Section 13 - Utilization by Hierarchy
-------------------------------------
+-------------------------------------------------------------------------------------------------------------------------------------------------------------------+
| Module             | Partition | Slices        | Slice Reg     | LUTs          | LUTRAM        | BRAM      | MULT18X18 | BUFG  | DCM   | Full Hierarchical Name   |
+-------------------------------------------------------------------------------------------------------------------------------------------------------------------+
| MieruEMB/          |           | 42/105        | 29/91         | 3/105         | 0/0           | 0/5       | 0/0       | 0/2   | 0/1   | MieruEMB                 |
| +clkgen            |           | 0/0           | 0/0           | 0/0           | 0/0           | 0/0       | 0/0       | 2/2   | 1/1   | MieruEMB/clkgen          |
| +lcdcon            |           | 59/59         | 54/54         | 101/101       | 0/0           | 0/5       | 0/0       | 0/0   | 0/0   | MieruEMB/lcdcon          |
| ++mlcdmem          |           | 0/0           | 0/0           | 0/0           | 0/0           | 1/1       | 0/0       | 0/0   | 0/0   | MieruEMB/lcdcon/mlcdmem  |
| ++vram             |           | 0/0           | 0/0           | 0/0           | 0/0           | 4/4       | 0/0       | 0/0   | 0/0   | MieruEMB/lcdcon/vram     |
| +rstgen            |           | 4/4           | 8/8           | 1/1           | 0/0           | 0/0       | 0/0       | 0/0   | 0/0   | MieruEMB/rstgen          |
+-------------------------------------------------------------------------------------------------------------------------------------------------------------------+

* Slices can be packed with basic elements from multiple hierarchies.
  Therefore, a slice will be counted in every hierarchical module
  that each of its packed basic elements belong to.
** For each column, there are two numbers reported <A>/<B>.
   <A> is the number of elements that belong to that specific hierarchical module.
   <B> is the total number of elements from that hierarchical module and any lower level
   hierarchical modules below.
*** The LUTRAM column counts all LUTs used as memory including RAM, ROM, and shift registers.
